90.5074527092
12678.5281704747
61.866587 -> -0.000000
61.866587 -> -0.000000
61.866587 -> -0.000000
61.866587 -> -0.000000
61.866587 -> -0.000000
61.866587 -> -0.000000
61.866587 -> -0.000000
61.866587 -> -0.000000
61.866587 -> -0.000000
61.866587 -> -0.000000
61.866587 -> -0.000000
61.866587 -> -0.000000
61.866587 -> -0.000000
61.866587 -> -0.000000
58.114352 -> -0.000000
58.114352 -> -0.000000
58.114352 -> -0.000000
58.114352 -> -0.000000
58.114352 -> -0.000000
58.114352 -> -0.000000
58.114352 -> -0.000000
58.114352 -> -0.000000
58.114352 -> -0.000000
58.114352 -> -0.000000
58.114352 -> -0.000000
58.114352 -> -0.000000
58.114352 -> -0.000000
58.114352 -> -0.000000
58.114352 -> -0.000000
58.114352 -> -0.000000
2098.1361148446
15151.5883270497
6340.1515688628
123.590068 -> -0.000000
123.590068 -> -0.000000
123.590068 -> -0.000000
123.590068 -> -0.000000
123.590068 -> -0.000000
123.590068 -> -0.000000
123.590068 -> -0.000000
123.590068 -> -0.000000
123.590068 -> -0.000000
123.590068 -> -0.000000
123.590068 -> -0.000000
123.590068 -> -0.000000
123.590068 -> -0.000000
123.590068 -> -0.000000
123.590068 -> -0.000000
123.590068 -> -0.000000
403.3304326249
43.0018997649
63.747309 -> -0.000000
63.747309 -> -0.000000
63.747309 -> -0.000000
63.747309 -> -0.000000
63.747309 -> -0.000000
63.747309 -> -0.000000
63.747309 -> -0.000000
63.747309 -> -0.000000
63.747309 -> -0.000000
63.747309 -> -0.000000
63.747309 -> -0.000000
63.747309 -> -0.000000
63.747309 -> -0.000000
63.747309 -> -0.000000
63.747309 -> -0.000000
63.747309 -> -0.000000
964.1986098870
92.326090 -> -0.000000
92.326090 -> -0.000000
92.326090 -> -0.000000
92.326090 -> -0.000000
92.326090 -> -0.000000
92.326090 -> -0.000000
92.326090 -> -0.000000
92.326090 -> -0.000000
92.326090 -> -0.000000
92.326090 -> -0.000000
92.326090 -> -0.000000
92.326090 -> -0.000000
92.326090 -> -0.000000
92.326090 -> -0.000000
92.326090 -> -0.000000
92.326090 -> -0.000000
2733.1637593037
5081.5665875689
