0.000000 1.278426
1.278426 8.236114
8.236114 23.302350
23.302350 20.705167
20.705167 12.538282
12.538282 13.641184
13.641184 13.956895
13.956895 20.687329
20.687329 14.932593
14.932593 0.000000
8905.5770398591
0.000000 22.338279
22.338279 97.450104
97.450104 99.611844
99.611844 42.900935
42.900935 22.284650
22.284650 0.000000
-0.000001 -0.000001
21653.3550606545
-0.000000 11.997899
11.997899 22.998699
22.998699 26.577920
26.577920 38.123272
38.123272 40.490598
40.490598 40.931827
40.931827 40.955956
40.955956 42.835660
42.835660 8.993422
8.993422 -0.000000
26825.7893596854
88.429373 92.980765
92.980765 94.709653
94.709653 96.409617
96.409617 103.523050
103.523050 109.152652
109.152652 108.710128
108.710128 108.285400
108.285400 103.306441
103.306441 102.434463
102.434463 97.202991
97.202991 97.028615
97.028615 95.516463
95.516463 87.906487
87.906487 86.605178
86.605178 86.394976
86.394976 82.487051
82.487051 79.580273
79.580273 79.109487
79.109487 75.783314
75.783314 74.016799
74.016799 73.474206
73.474206 61.237194
61.237194 56.880323
56.880323 56.751748
56.751748 52.993482
52.993482 49.835887
49.835887 45.699757
45.699757 44.732626
44.732626 31.430329
31.430329 29.838134
29.838134 22.853453
22.853453 19.062978
19.062978 14.898857
14.898857 11.348127
11.348127 7.898178
7.898178 2.479717
2.479717 2.148499
2.148499 -0.000000
-0.000000 -0.000000
-0.000000 1.253051
1.253051 2.216136
2.216136 3.332986
3.332986 7.454383
7.454383 7.994615
7.994615 11.752222
11.752222 12.352441
12.352441 13.377731
13.377731 15.171966
15.171966 15.478344
15.478344 31.131661
31.131661 36.542691
36.542691 38.799735
38.799735 40.645265
40.645265 45.199633
45.199633 46.008398
46.008398 58.224373
58.224373 59.550321
59.550321 62.708688
62.708688 67.829145
67.829145 71.091003
71.091003 78.093095
78.093095 83.299450
83.299450 88.429373
56159.2499241443
41.199569 34.105954
34.105954 25.451254
25.451254 4.497587
4.497587 3.786838
3.786838 0.728830
0.728830 0.655969
0.655969 -0.000000
-0.000000 2.633503
2.633503 10.622576
10.622576 11.456350
11.456350 36.724276
36.724276 48.277870
48.277870 46.305259
46.305259 41.199569
12466.9305952423
-0.000000 -0.000000
0.000000 0.687521
0.687521 2.091528
2.091528 4.065460
4.065460 5.155334
5.155334 5.347428
5.347428 6.879553
6.879553 7.078159
7.078159 7.123528
7.123528 7.175356
7.175356 7.209252
7.209252 7.074576
7.074576 4.783555
4.783555 4.189293
4.189293 4.138373
4.138373 3.913722
3.913722 3.230565
3.230565 2.061344
2.061344 0.000000
1048.5130561409
2.154657 2.893555
2.893555 3.617461
3.617461 4.199740
4.199740 4.712199
4.712199 5.885125
5.885125 7.042936
7.042936 7.385691
7.385691 8.452336
8.452336 8.882689
8.882689 9.280984
9.280984 9.430454
9.430454 9.285385
9.285385 9.139654
9.139654 3.708942
3.708942 1.275766
1.275766 0.657992
0.657992 0.583602
0.583602 0.109104
0.109104 -0.000000
0.000000 0.000000
0.000000 0.232160
0.232160 0.900901
0.900901 2.154657
1055.3768363950
2.371657 2.415896
2.415896 2.539689
2.539689 2.547835
2.547835 2.625863
2.625863 2.898912
2.898912 4.155402
4.155402 4.524563
4.524563 5.531177
5.531177 5.868367
5.868367 6.047752
6.047752 6.387006
6.387006 6.719641
6.719641 6.945410
6.945410 7.112251
7.112251 7.749854
7.749854 7.998766
7.998766 8.040831
8.040831 8.095757
8.095757 8.131882
8.131882 8.121873
8.121873 8.119912
8.119912 8.060696
8.060696 8.037173
8.037173 7.936050
7.936050 7.109087
7.109087 6.995816
6.995816 6.459171
6.459171 6.054786
6.054786 5.179200
5.179200 5.104389
5.104389 4.309187
4.309187 2.620493
2.620493 2.442841
2.442841 1.796604
1.796604 1.693825
1.693825 1.684155
1.684155 1.525815
1.525815 1.173714
1.173714 1.144905
1.144905 1.131232
1.131232 0.623371
0.623371 0.581753
0.581753 0.570007
0.570007 0.370645
0.370645 0.026117
0.026117 0.010206
0.010206 0.000000
-0.000000 0.285229
0.285229 0.331696
0.331696 0.344231
0.344231 1.038144
1.038144 1.342221
1.342221 1.975876
1.975876 3.425094
3.425094 4.328586
4.328586 4.820510
4.820510 5.282107
5.282107 5.823590
5.823590 6.067052
6.067052 6.699562
6.699562 6.729780
6.729780 6.729433
6.729433 6.202535
6.202535 5.179635
5.179635 5.169626
5.169626 4.864177
4.864177 4.504429
4.504429 4.152521
4.152521 3.272413
3.272413 3.134414
3.134414 3.132873
3.132873 2.920616
2.920616 2.619188
2.619188 2.441316
2.441316 2.237206
2.237206 2.195225
2.195225 2.148780
2.148780 2.125624
2.125624 2.371657
3846.1413317210
12.947785 11.624219
11.624219 11.524123
11.524123 11.486885
11.486885 11.370277
11.370277 10.979977
10.979977 10.295608
10.295608 8.700314
8.700314 8.425710
8.425710 5.911201
5.911201 5.533267
5.533267 5.425488
5.425488 5.394968
5.394968 5.120726
5.120726 3.789771
3.789771 2.407879
2.407879 2.286252
2.286252 0.128805
0.128805 0.000000
-0.000000 0.103040
0.103040 0.162371
0.162371 0.281307
0.281307 0.388598
0.388598 0.805610
0.805610 0.839786
0.839786 1.044581
1.044581 1.166017
1.166017 2.860203
2.860203 3.749804
3.749804 9.358442
9.358442 10.438652
10.438652 10.613344
10.613344 11.353084
11.353084 11.418371
11.418371 11.781624
11.781624 14.234745
14.234745 14.307013
14.307013 14.318218
14.318218 14.074128
14.074128 13.333685
13.333685 12.922925
12.922925 11.088153
11.088153 9.310357
9.310357 8.939082
8.939082 8.369058
8.369058 5.857923
5.857923 5.683593
5.683593 4.822836
4.822836 4.336181
4.336181 3.835932
3.835932 3.439074
3.439074 3.168296
3.168296 2.463618
2.463618 1.680370
1.680370 0.534600
0.534600 0.000000
-0.000000 -0.000000
0.000000 0.028248
0.028248 0.677760
0.677760 2.876079
2.876079 4.188798
4.188798 4.532043
4.532043 5.748461
5.748461 6.356923
6.356923 6.917559
6.917559 7.156196
7.156196 9.948301
9.948301 9.999402
9.999402 11.443585
11.443585 11.963855
11.963855 12.966287
12.966287 12.947785
4219.5146090848
79.554302 78.028419
78.028419 69.534102
69.534102 68.830865
68.830865 60.329196
60.329196 40.350185
40.350185 39.781652
39.781652 29.835936
29.835936 27.704129
27.704129 22.537656
22.537656 22.457696
22.457696 21.922735
21.922735 18.727357
18.727357 15.352658
15.352658 13.081111
13.081111 11.437806
11.437806 7.716731
7.716731 6.459308
6.459308 4.911462
4.911462 3.732155
3.732155 -0.000000
0.000000 0.847297
0.847297 4.988004
4.988004 5.362521
5.362521 6.018550
6.018550 6.666435
6.666435 7.622887
7.622887 10.562441
10.562441 13.613301
13.613301 16.311350
16.311350 23.621616
23.621616 24.113933
24.113933 24.660412
24.660412 31.482859
31.482859 32.023962
32.023962 33.980859
33.980859 37.645144
37.645144 39.589063
39.589063 43.344220
43.344220 43.782638
43.782638 45.472070
45.472070 47.732413
47.732413 48.769905
48.769905 49.607511
49.607511 50.389036
50.389036 50.496384
50.496384 53.068365
53.068365 55.138895
55.138895 59.491117
59.491117 59.988265
59.988265 60.975464
60.975464 61.133477
61.133477 62.299964
62.299964 62.336708
62.336708 64.460943
64.460943 65.259352
65.259352 65.388008
65.388008 71.032858
71.032858 72.462012
72.462012 73.412997
73.412997 74.125591
74.125591 75.724007
75.724007 77.750478
77.750478 81.529768
81.529768 81.738540
81.738540 83.095942
83.095942 85.642133
85.642133 86.114055
86.114055 86.721354
86.721354 86.939825
86.939825 87.430950
87.430950 94.678539
94.678539 98.755412
98.755412 101.062306
101.062306 109.452638
109.452638 114.102486
114.102486 115.690424
115.690424 124.396108
124.396108 124.529966
124.529966 127.419325
127.419325 127.984971
127.984971 128.249544
128.249544 128.320485
128.320485 118.558799
118.558799 110.630001
110.630001 102.738229
102.738229 95.195055
95.195055 93.330741
93.330741 79.554302
46403.1992032829
