1
7
13
43
49
79
109
163
169
271
301
379
409
487
541
691
697
799
901
1027
1057
1327
1405
1555
1585
1735
1813
2131
2185
2359
2509
2707
2713
3103
3205
3475
3577
3799
3925
4315
4345
4591
4861
5131
5209
5719
5869
6163
6193
6583
6733
7243
7321
7639
7957
8347
8401
9031
9205
9571
9721
10087
10285
11203
11209
11599
11989
12403
12505
13255
13525
13963
14065
14503
14725
15475
15601
16303
16693
17179
17209
18175
18421
18931
19201
19711
19981
20851
20929
21463
21973
22675
22825
23815
24109
24739
24769
25351
25741
27067
